TN:
SF:/Users/moiguitarrock/Projects/my-postgresql-api/setupTests.js
FN:12,knexStubs
FN:42,restoreKnexStubs
FNF:2
FNH:2
FNDA:5,knexStubs
FNDA:5,restoreKnexStubs
DA:1,5
DA:2,5
DA:3,5
DA:4,5
DA:5,5
DA:7,5
DA:8,5
DA:9,5
DA:10,5
DA:13,5
DA:14,5
DA:15,5
DA:16,5
DA:17,5
DA:18,5
DA:19,5
DA:20,5
DA:21,5
DA:22,5
DA:23,5
DA:24,5
DA:25,5
DA:26,5
DA:27,5
DA:28,5
DA:29,5
DA:30,5
DA:31,5
DA:32,5
DA:33,5
DA:34,5
DA:35,5
DA:36,5
DA:37,5
DA:38,5
DA:39,5
DA:43,5
DA:44,5
DA:45,5
DA:46,5
DA:47,5
DA:48,5
DA:49,5
DA:50,5
DA:51,5
DA:52,5
DA:53,5
DA:54,5
DA:55,5
DA:56,5
DA:57,5
DA:58,5
DA:59,5
DA:60,5
DA:61,5
DA:62,5
DA:63,5
DA:64,5
DA:65,5
DA:66,5
DA:67,5
DA:68,5
DA:69,5
DA:72,5
DA:73,5
LF:65
LH:65
BRF:0
BRH:0
end_of_record
TN:
SF:/Users/moiguitarrock/Projects/my-postgresql-api/db/knexConection.js
FNF:0
FNH:0
DA:1,5
DA:2,5
DA:3,5
DA:13,5
DA:15,5
DA:26,5
DA:40,5
DA:41,5
DA:42,5
DA:44,5
LF:10
LH:10
BRDA:6,0,0,0
BRDA:10,1,0,0
BRDA:11,2,0,0
BRDA:40,3,0,5
BRDA:40,3,1,0
BRF:5
BRH:1
end_of_record
TN:
SF:/Users/moiguitarrock/Projects/my-postgresql-api/repositories/applications.js
FN:3,(anonymous_0)
FNF:1
FNH:1
FNDA:1,(anonymous_0)
DA:1,1
DA:3,1
DA:4,1
DA:20,1
LF:4
LH:4
BRDA:3,0,0,0
BRF:1
BRH:0
end_of_record
TN:
SF:/Users/moiguitarrock/Projects/my-postgresql-api/repositories/companies.js
FN:3,(anonymous_0)
FNF:1
FNH:1
FNDA:1,(anonymous_0)
DA:1,1
DA:3,1
DA:4,1
DA:17,1
LF:4
LH:4
BRDA:3,0,0,0
BRF:1
BRH:0
end_of_record
TN:
SF:/Users/moiguitarrock/Projects/my-postgresql-api/repositories/listings.js
FN:3,(anonymous_0)
FNF:1
FNH:1
FNDA:1,(anonymous_0)
DA:1,1
DA:3,1
DA:4,1
DA:16,1
LF:4
LH:4
BRDA:3,0,0,0
BRF:1
BRH:0
end_of_record
TN:
SF:/Users/moiguitarrock/Projects/my-postgresql-api/repositories/users.js
FN:3,(anonymous_0)
FN:29,(anonymous_1)
FNF:2
FNH:2
FNDA:1,(anonymous_0)
FNDA:1,(anonymous_1)
DA:1,1
DA:3,1
DA:4,1
DA:29,1
DA:30,1
DA:36,1
LF:6
LH:6
BRF:0
BRH:0
end_of_record
